ERC report (2026-06-14T10:06:31, Encoding UTF8)
Report includes: Errors, Warnings

***** Sheet /
[power_pin_not_driven]: Input Power pin not driven by any Output Power pins
    ; error
    @(45.72 mm, 29.21 mm): Symbol J2 Pin A4B9 [VBUS, Power input, Line]
[power_pin_not_driven]: Input Power pin not driven by any Output Power pins
    ; error
    @(45.72 mm, 49.53 mm): Symbol J2 Pin A1B12 [GND, Power input, Line]
[power_pin_not_driven]: Input Power pin not driven by any Output Power pins
    ; error
    @(81.28 mm, 48.26 mm): Symbol U1 Pin 1 [VIN, Power input, Line]
[power_pin_not_driven]: Input Power pin not driven by any Output Power pins
    ; error
    @(22.86 mm, 102.87 mm): Symbol #PWR01 Pin 1 [Power input, Line]
[pin_to_pin]: Pins of type Unspecified and Power input are connected
    ; warning
    @(29.21 mm, 105.41 mm): Symbol Burn1 Pin 1 [A, Unspecified, Line]
    @(22.86 mm, 102.87 mm): Symbol #PWR01 Pin 1 [Power input, Line]
[pin_to_pin]: Pins of type Unspecified and Power input are connected
    ; warning
    @(39.37 mm, 105.41 mm): Symbol Burn1 Pin 2 [B, Unspecified, Line]
    @(22.86 mm, 102.87 mm): Symbol #PWR01 Pin 1 [Power input, Line]
[lib_symbol_mismatch]: Symbol '1N4148WT' doesn't match copy in library 'Diode'
    ; warning
    @(46.99 mm, 104.14 mm): Symbol D1 [1N4148WT]
[pin_to_pin]: Pins of type Unspecified and Passive are connected
    ; warning
    @(39.37 mm, 113.03 mm): Symbol Burn1 Pin 4 [D, Unspecified, Line]
    @(46.99 mm, 107.95 mm): Symbol D1 Pin 1 [K, Passive, Line]
[pin_to_pin]: Pins of type Unspecified and Power input are connected
    ; warning
    @(29.21 mm, 138.43 mm): Symbol Burn2 Pin 1 [A, Unspecified, Line]
    @(22.86 mm, 135.89 mm): Symbol #PWR02 Pin 1 [Power input, Line]
[pin_to_pin]: Pins of type Unspecified and Power input are connected
    ; warning
    @(39.37 mm, 138.43 mm): Symbol Burn2 Pin 2 [B, Unspecified, Line]
    @(22.86 mm, 135.89 mm): Symbol #PWR02 Pin 1 [Power input, Line]
[lib_symbol_mismatch]: Symbol 'Jumper_3_Bridged12' doesn't match copy in library 'Jumper'
    ; warning
    @(90.17 mm, 113.03 mm): Symbol JP1 [Jumper_3_Bridged12]
[lib_symbol_mismatch]: Symbol '1N4148WT' doesn't match copy in library 'Diode'
    ; warning
    @(46.99 mm, 137.16 mm): Symbol D2 [1N4148WT]
[pin_to_pin]: Pins of type Unspecified and Passive are connected
    ; warning
    @(39.37 mm, 146.05 mm): Symbol Burn2 Pin 4 [D, Unspecified, Line]
    @(46.99 mm, 140.97 mm): Symbol D2 Pin 1 [K, Passive, Line]
[endpoint_off_grid]: Symbol pin or wire end off connection grid
    ; warning
    @(142.875 mm, 55.88 mm): Vertical Wire, length 7.62 mm
[endpoint_off_grid]: Symbol pin or wire end off connection grid
    ; warning
    @(142.875 mm, 55.88 mm): Horizontal Wire, length 3.81 mm
[endpoint_off_grid]: Symbol pin or wire end off connection grid
    ; warning
    @(142.875 mm, 63.50 mm): Horizontal Wire, length 1.27 mm
[endpoint_off_grid]: Symbol pin or wire end off connection grid
    ; warning
    @(111.76 mm, 63.50 mm): Horizontal Wire, length 31.115 mm
[endpoint_off_grid]: Symbol pin or wire end off connection grid
    ; warning
    @(111.76 mm, 66.04 mm): Horizontal Wire, length 31.115 mm
[endpoint_off_grid]: Symbol pin or wire end off connection grid
    ; warning
    @(142.875 mm, 66.04 mm): Vertical Wire, length 7.62 mm
[endpoint_off_grid]: Symbol pin or wire end off connection grid
    ; warning
    @(102.235 mm, 120.65 mm): Horizontal Wire, length 15.875 mm
[endpoint_off_grid]: Symbol pin or wire end off connection grid
    ; warning
    @(102.235 mm, 120.65 mm): Symbol D6 Pin 2 [Passive, Line]
[endpoint_off_grid]: Symbol pin or wire end off connection grid
    ; warning
    @(102.235 mm, 120.65 mm): Horizontal Wire, length 1.905 mm
[endpoint_off_grid]: Symbol pin or wire end off connection grid
    ; warning
    @(144.145 mm, 66.04 mm): Horizontal Wire, length 1.27 mm
[endpoint_off_grid]: Symbol pin or wire end off connection grid
    ; warning
    @(144.145 mm, 66.04 mm): Symbol SW1 Pin 1 [Passive, Line]
[endpoint_off_grid]: Symbol pin or wire end off connection grid
    ; warning
    @(142.875 mm, 73.66 mm): Horizontal Wire, length 3.81 mm
[endpoint_off_grid]: Symbol pin or wire end off connection grid
    ; warning
    @(102.235 mm, 128.27 mm): Symbol #PWR010 Pin 1 [Power input, Line]
[endpoint_off_grid]: Symbol pin or wire end off connection grid
    ; warning
    @(124.46 mm, 109.855 mm): Symbol #PWR011 Pin 1 [Power input, Line]
[endpoint_off_grid]: Symbol pin or wire end off connection grid
    ; warning
    @(124.46 mm, 107.95 mm): Vertical Wire, length 1.905 mm
[endpoint_off_grid]: Symbol pin or wire end off connection grid
    ; warning
    @(156.845 mm, 55.88 mm): Symbol R10 Pin 1 [1, Passive, Line]
[endpoint_off_grid]: Symbol pin or wire end off connection grid
    ; warning
    @(156.845 mm, 55.88 mm): Horizontal Wire, length 2.54 mm
[pin_to_pin]: Pins of type Unspecified and Power input are connected
    ; warning
    @(118.11 mm, 118.11 mm): Symbol U2 Pin 1 [GND, Unspecified, Line]
    @(124.46 mm, 109.855 mm): Symbol #PWR011 Pin 1 [Power input, Line]
[endpoint_off_grid]: Symbol pin or wire end off connection grid
    ; warning
    @(129.54 mm, 110.49 mm): Vertical Wire, length 4.445 mm
[endpoint_off_grid]: Symbol pin or wire end off connection grid
    ; warning
    @(129.54 mm, 106.045 mm): Symbol #PWR012 Pin 1 [Power input, Line]
[pin_to_pin]: Pins of type Unspecified and Passive are connected
    ; warning
    @(118.11 mm, 120.65 mm): Symbol U2 Pin 2 [IN0, Unspecified, Line]
    @(102.235 mm, 120.65 mm): Symbol D6 Pin 2 [Passive, Line]
[endpoint_off_grid]: Symbol pin or wire end off connection grid
    ; warning
    @(159.385 mm, 55.88 mm): Vertical Wire, length 7.62 mm
[pin_to_pin]: Pins of type Unspecified and Power input are connected
    ; warning
    @(129.54 mm, 110.49 mm): Symbol U2 Pin 15 [EP, Unspecified, Line]
    @(129.54 mm, 106.045 mm): Symbol #PWR012 Pin 1 [Power input, Line]
[endpoint_off_grid]: Symbol pin or wire end off connection grid
    ; warning
    @(159.385 mm, 63.50 mm): Vertical Wire, length 2.54 mm
[lib_symbol_mismatch]: Symbol 'Jumper_3_Bridged12' doesn't match copy in library 'Jumper'
    ; warning
    @(90.17 mm, 146.05 mm): Symbol JP2 [Jumper_3_Bridged12]
[endpoint_off_grid]: Symbol pin or wire end off connection grid
    ; warning
    @(159.385 mm, 66.04 mm): Vertical Wire, length 7.62 mm
[endpoint_off_grid]: Symbol pin or wire end off connection grid
    ; warning
    @(156.845 mm, 73.66 mm): Symbol R11 Pin 1 [1, Passive, Line]
[endpoint_off_grid]: Symbol pin or wire end off connection grid
    ; warning
    @(159.385 mm, 73.66 mm): Horizontal Wire, length 2.54 mm
[endpoint_off_grid]: Symbol pin or wire end off connection grid
    ; warning
    @(159.385 mm, 73.66 mm): Vertical Wire, length 5.08 mm
[pin_to_pin]: Pins of type Unspecified and Passive are connected
    ; warning
    @(118.11 mm, 130.81 mm): Symbol U2 Pin 6 [IN1, Unspecified, Line]
    @(101.60 mm, 153.67 mm): Symbol D5 Pin 2 [Passive, Line]
[endpoint_off_grid]: Symbol pin or wire end off connection grid
    ; warning
    @(159.385 mm, 78.74 mm): Symbol #PWR013 Pin 1 [Power input, Line]
[endpoint_off_grid]: Symbol pin or wire end off connection grid
    ; warning
    @(90.17 mm, 153.67 mm): Horizontal Wire, length 1.905 mm
[endpoint_off_grid]: Symbol pin or wire end off connection grid
    ; warning
    @(99.695 mm, 153.67 mm): Symbol R6 Pin 2 [Passive, Line]
[endpoint_off_grid]: Symbol pin or wire end off connection grid
    ; warning
    @(99.695 mm, 153.67 mm): Horizontal Wire, length 1.905 mm
[pin_to_pin]: Pins of type Unspecified and Passive are connected
    ; warning
    @(140.97 mm, 118.11 mm): Symbol U2 Pin 14 [OUT0, Unspecified, Line]
    @(154.94 mm, 120.65 mm): Symbol R12 Pin 2 [Passive, Line]
[pin_to_pin]: Pins of type Unspecified and Unspecified are connected
    ; warning
    @(140.97 mm, 120.65 mm): Symbol U2 Pin 13 [OUT0, Unspecified, Line]
    @(140.97 mm, 118.11 mm): Symbol U2 Pin 14 [OUT0, Unspecified, Line]
[pin_to_pin]: Pins of type Unspecified and Unspecified are connected
    ; warning
    @(140.97 mm, 123.19 mm): Symbol U2 Pin 12 [OUT0, Unspecified, Line]
    @(140.97 mm, 120.65 mm): Symbol U2 Pin 13 [OUT0, Unspecified, Line]
[pin_to_pin]: Pins of type Unspecified and Passive are connected
    ; warning
    @(140.97 mm, 128.27 mm): Symbol U2 Pin 10 [OUT1, Unspecified, Line]
    @(154.94 mm, 130.81 mm): Symbol R13 Pin 2 [Passive, Line]
[pin_to_pin]: Pins of type Unspecified and Unspecified are connected
    ; warning
    @(140.97 mm, 130.81 mm): Symbol U2 Pin 9 [OUT1, Unspecified, Line]
    @(140.97 mm, 128.27 mm): Symbol U2 Pin 10 [OUT1, Unspecified, Line]
[pin_to_pin]: Pins of type Unspecified and Unspecified are connected
    ; warning
    @(140.97 mm, 133.35 mm): Symbol U2 Pin 8 [OUT1, Unspecified, Line]
    @(140.97 mm, 130.81 mm): Symbol U2 Pin 9 [OUT1, Unspecified, Line]
[endpoint_off_grid]: Symbol pin or wire end off connection grid
    ; warning
    @(194.945 mm, 40.64 mm): Vertical Wire, length 1.27 mm
[endpoint_off_grid]: Symbol pin or wire end off connection grid
    ; warning
    @(194.945 mm, 40.64 mm): Symbol H1 Pin 1 [1, Input, Line]
[endpoint_off_grid]: Symbol pin or wire end off connection grid
    ; warning
    @(194.945 mm, 41.91 mm): Symbol R14 Pin 1 [Passive, Line]
[endpoint_off_grid]: Symbol pin or wire end off connection grid
    ; warning
    @(194.945 mm, 49.53 mm): Vertical Wire, length 1.27 mm
[endpoint_off_grid]: Symbol pin or wire end off connection grid
    ; warning
    @(194.945 mm, 50.80 mm): Symbol #PWR017 Pin 1 [Power input, Line]
[endpoint_off_grid]: Symbol pin or wire end off connection grid
    ; warning
    @(194.945 mm, 64.77 mm): Vertical Wire, length 1.27 mm
[endpoint_off_grid]: Symbol pin or wire end off connection grid
    ; warning
    @(194.945 mm, 64.77 mm): Symbol H2 Pin 1 [1, Input, Line]
[endpoint_off_grid]: Symbol pin or wire end off connection grid
    ; warning
    @(194.945 mm, 66.04 mm): Symbol R15 Pin 1 [Passive, Line]
[endpoint_off_grid]: Symbol pin or wire end off connection grid
    ; warning
    @(194.945 mm, 73.66 mm): Vertical Wire, length 1.27 mm
[endpoint_off_grid]: Symbol pin or wire end off connection grid
    ; warning
    @(194.945 mm, 74.93 mm): Symbol #PWR018 Pin 1 [Power input, Line]
[endpoint_off_grid]: Symbol pin or wire end off connection grid
    ; warning
    @(217.805 mm, 40.64 mm): Vertical Wire, length 1.27 mm
[endpoint_off_grid]: Symbol pin or wire end off connection grid
    ; warning
    @(217.805 mm, 40.64 mm): Symbol H3 Pin 1 [1, Input, Line]
[endpoint_off_grid]: Symbol pin or wire end off connection grid
    ; warning
    @(217.805 mm, 41.91 mm): Symbol R17 Pin 1 [Passive, Line]
[endpoint_off_grid]: Symbol pin or wire end off connection grid
    ; warning
    @(217.805 mm, 49.53 mm): Vertical Wire, length 1.27 mm
[endpoint_off_grid]: Symbol pin or wire end off connection grid
    ; warning
    @(217.805 mm, 50.80 mm): Symbol #PWR021 Pin 1 [Power input, Line]
[endpoint_off_grid]: Symbol pin or wire end off connection grid
    ; warning
    @(217.805 mm, 64.77 mm): Vertical Wire, length 1.27 mm
[endpoint_off_grid]: Symbol pin or wire end off connection grid
    ; warning
    @(217.805 mm, 64.77 mm): Symbol H4 Pin 1 [1, Input, Line]
[endpoint_off_grid]: Symbol pin or wire end off connection grid
    ; warning
    @(217.805 mm, 66.04 mm): Symbol R18 Pin 1 [Passive, Line]
[endpoint_off_grid]: Symbol pin or wire end off connection grid
    ; warning
    @(217.805 mm, 73.66 mm): Vertical Wire, length 1.27 mm
[endpoint_off_grid]: Symbol pin or wire end off connection grid
    ; warning
    @(217.805 mm, 74.93 mm): Symbol #PWR022 Pin 1 [Power input, Line]
[endpoint_off_grid]: Symbol pin or wire end off connection grid
    ; warning
    @(240.665 mm, 40.64 mm): Vertical Wire, length 1.27 mm
[endpoint_off_grid]: Symbol pin or wire end off connection grid
    ; warning
    @(240.665 mm, 40.64 mm): Symbol H5 Pin 1 [1, Input, Line]
[endpoint_off_grid]: Symbol pin or wire end off connection grid
    ; warning
    @(240.665 mm, 41.91 mm): Symbol R19 Pin 1 [Passive, Line]
[endpoint_off_grid]: Symbol pin or wire end off connection grid
    ; warning
    @(240.665 mm, 49.53 mm): Vertical Wire, length 1.27 mm
[endpoint_off_grid]: Symbol pin or wire end off connection grid
    ; warning
    @(240.665 mm, 50.80 mm): Symbol #PWR024 Pin 1 [Power input, Line]
[endpoint_off_grid]: Symbol pin or wire end off connection grid
    ; warning
    @(240.665 mm, 64.77 mm): Symbol H6 Pin 1 [1, Input, Line]
[endpoint_off_grid]: Symbol pin or wire end off connection grid
    ; warning
    @(240.665 mm, 64.77 mm): Vertical Wire, length 1.27 mm
[endpoint_off_grid]: Symbol pin or wire end off connection grid
    ; warning
    @(240.665 mm, 66.04 mm): Symbol R20 Pin 1 [Passive, Line]
[endpoint_off_grid]: Symbol pin or wire end off connection grid
    ; warning
    @(240.665 mm, 73.66 mm): Vertical Wire, length 1.27 mm
[endpoint_off_grid]: Symbol pin or wire end off connection grid
    ; warning
    @(240.665 mm, 74.93 mm): Symbol #PWR025 Pin 1 [Power input, Line]
[endpoint_off_grid]: Symbol pin or wire end off connection grid
    ; warning
    @(224.79 mm, 129.794 mm): Vertical Wire, length 3.556 mm
[endpoint_off_grid]: Symbol pin or wire end off connection grid
    ; warning
    @(224.79 mm, 129.794 mm): Symbol J3 Pin MP [MountPin, Passive, Line]

 ** ERC messages: 85  Errors 4  Warnings 81

 ** Ignored checks:
    - Global label only appears once in the schematic
    - Four connection points are joined together
    - SPICE model issue
    - Assigned footprint doesn't match footprint filters
